# JRE version: OpenJDK Runtime Environment (8.0_242-b01) (build 1.8.0_242-release-1644-b01)
# Java VM: OpenJDK 64-Bit Server VM (25.242-b01 mixed mode windows-amd64 compressed oops)
Heap:
 PSYoungGen      total 556544K, used 48259K [0x00000000d5580000, 0x00000000fef00000, 0x0000000100000000)
  eden space 431104K, 0% used [0x00000000d5580000,0x00000000d570da08,0x00000000efa80000)
  from space 125440K, 37% used [0x00000000efa80000,0x00000000f28132d0,0x00000000f7500000)
  to   space 118272K, 0% used [0x00000000f7b80000,0x00000000f7b80000,0x00000000fef00000)
 ParOldGen       total 347136K, used 162396K [0x0000000080000000, 0x0000000095300000, 0x00000000d5580000)
  object space 347136K, 46% used [0x0000000080000000,0x0000000089e972d8,0x0000000095300000)
 Metaspace       used 191482K, capacity 201880K, committed 202072K, reserved 1224704K
  class space    used 24754K, capacity 26687K, committed 26752K, reserved 1048576K
GC Heap History (10 events):
Event: 1473.805 GC heap before
{Heap before GC invocations=57 (full 6):
 PSYoungGen      total 557568K, used 427446K [0x00000000d5580000, 0x0000000100000000, 0x0000000100000000)
  eden space 414720K, 100% used [0x00000000d5580000,0x00000000eea80000,0x00000000eea80000)
  from space 142848K, 8% used [0x00000000f7480000,0x00000000f80ed8e0,0x0000000100000000)
  to   space 141312K, 0% used [0x00000000eea80000,0x00000000eea80000,0x00000000f7480000)
 ParOldGen       total 347136K, used 162364K [0x0000000080000000, 0x0000000095300000, 0x00000000d5580000)
  object space 347136K, 46% used [0x0000000080000000,0x0000000089e8f2d8,0x0000000095300000)
 Metaspace       used 170355K, capacity 179440K, committed 180312K, reserved 1206272K
  class space    used 21907K, capacity 23633K, committed 23936K, reserved 1048576K
Event: 1473.824 GC heap after
Heap after GC invocations=57 (full 6):
 PSYoungGen      total 428032K, used 12833K [0x00000000d5580000, 0x00000000ff980000, 0x0000000100000000)
  eden space 414720K, 0% used [0x00000000d5580000,0x00000000d5580000,0x00000000eea80000)
  from space 13312K, 96% used [0x00000000eea80000,0x00000000ef708720,0x00000000ef780000)
  to   space 138752K, 0% used [0x00000000f7200000,0x00000000f7200000,0x00000000ff980000)
 ParOldGen       total 347136K, used 162364K [0x0000000080000000, 0x0000000095300000, 0x00000000d5580000)
  object space 347136K, 46% used [0x0000000080000000,0x0000000089e8f2d8,0x0000000095300000)
 Metaspace       used 170355K, capacity 179440K, committed 180312K, reserved 1206272K
  class space    used 21907K, capacity 23633K, committed 23936K, reserved 1048576K
}
Event: 1476.662 GC heap before
{Heap before GC invocations=58 (full 6):
 PSYoungGen      total 428032K, used 427553K [0x00000000d5580000, 0x00000000ff980000, 0x0000000100000000)
  eden space 414720K, 100% used [0x00000000d5580000,0x00000000eea80000,0x00000000eea80000)
  from space 13312K, 96% used [0x00000000eea80000,0x00000000ef708720,0x00000000ef780000)
  to   space 138752K, 0% used [0x00000000f7200000,0x00000000f7200000,0x00000000ff980000)
 ParOldGen       total 347136K, used 162364K [0x0000000080000000, 0x0000000095300000, 0x00000000d5580000)
  object space 347136K, 46% used [0x0000000080000000,0x0000000089e8f2d8,0x0000000095300000)
 Metaspace       used 170879K, capacity 180092K, committed 180824K, reserved 1206272K
  class space    used 21970K, capacity 23735K, committed 23936K, reserved 1048576K
Event: 1476.740 GC heap after
Heap after GC invocations=58 (full 6):
 PSYoungGen      total 558080K, used 59431K [0x00000000d5580000, 0x0000000100000000, 0x0000000100000000)
  eden space 419328K, 0% used [0x00000000d5580000,0x00000000d5580000,0x00000000eef00000)
  from space 138752K, 42% used [0x00000000f7200000,0x00000000fac09c40,0x00000000ff980000)
  to   space 134144K, 0% used [0x00000000eef00000,0x00000000eef00000,0x00000000f7200000)
 ParOldGen       total 347136K, used 162372K [0x0000000080000000, 0x0000000095300000, 0x00000000d5580000)
  object space 347136K, 46% used [0x0000000080000000,0x0000000089e912d8,0x0000000095300000)
 Metaspace       used 170879K, capacity 180092K, committed 180824K, reserved 1206272K
  class space    used 21970K, capacity 23735K, committed 23936K, reserved 1048576K
}
Event: 1483.575 GC heap before
{Heap before GC invocations=59 (full 6):
 PSYoungGen      total 558080K, used 478759K [0x00000000d5580000, 0x0000000100000000, 0x0000000100000000)
  eden space 419328K, 100% used [0x00000000d5580000,0x00000000eef00000,0x00000000eef00000)
  from space 138752K, 42% used [0x00000000f7200000,0x00000000fac09c40,0x00000000ff980000)
  to   space 134144K, 0% used [0x00000000eef00000,0x00000000eef00000,0x00000000f7200000)
 ParOldGen       total 347136K, used 162372K [0x0000000080000000, 0x0000000095300000, 0x00000000d5580000)
  object space 347136K, 46% used [0x0000000080000000,0x0000000089e912d8,0x0000000095300000)
 Metaspace       used 172241K, capacity 181552K, committed 182232K, reserved 1208320K
  class space    used 22065K, capacity 23819K, committed 24064K, reserved 1048576K
Event: 1483.601 GC heap after
Heap after GC invocations=59 (full 6):
 PSYoungGen      total 553472K, used 19140K [0x00000000d5580000, 0x00000000ff480000, 0x0000000100000000)
  eden space 419328K, 0% used [0x00000000d5580000,0x00000000d5580000,0x00000000eef00000)
  from space 134144K, 14% used [0x00000000eef00000,0x00000000f01b1038,0x00000000f7200000)
  to   space 130560K, 0% used [0x00000000f7500000,0x00000000f7500000,0x00000000ff480000)
 ParOldGen       total 347136K, used 162380K [0x0000000080000000, 0x0000000095300000, 0x00000000d5580000)
  object space 347136K, 46% used [0x0000000080000000,0x0000000089e932d8,0x0000000095300000)
 Metaspace       used 172241K, capacity 181552K, committed 182232K, reserved 1208320K
  class space    used 22065K, capacity 23819K, committed 24064K, reserved 1048576K
}
Event: 1666.898 GC heap before
{Heap before GC invocations=60 (full 6):
 PSYoungGen      total 553472K, used 438468K [0x00000000d5580000, 0x00000000ff480000, 0x0000000100000000)
  eden space 419328K, 100% used [0x00000000d5580000,0x00000000eef00000,0x00000000eef00000)
  from space 134144K, 14% used [0x00000000eef00000,0x00000000f01b1038,0x00000000f7200000)
  to   space 130560K, 0% used [0x00000000f7500000,0x00000000f7500000,0x00000000ff480000)
 ParOldGen       total 347136K, used 162380K [0x0000000080000000, 0x0000000095300000, 0x00000000d5580000)
  object space 347136K, 46% used [0x0000000080000000,0x0000000089e932d8,0x0000000095300000)
 Metaspace       used 173697K, capacity 183434K, committed 183640K, reserved 1208320K
  class space    used 22256K, capacity 24054K, committed 24192K, reserved 1048576K
Event: 1666.918 GC heap after
Heap after GC invocations=60 (full 6):
 PSYoungGen      total 559616K, used 25740K [0x00000000d5580000, 0x00000000ff280000, 0x0000000100000000)
  eden space 431104K, 0% used [0x00000000d5580000,0x00000000d5580000,0x00000000efa80000)
  from space 128512K, 20% used [0x00000000f7500000,0x00000000f8e231d0,0x00000000ff280000)
  to   space 125440K, 0% used [0x00000000efa80000,0x00000000efa80000,0x00000000f7500000)
 ParOldGen       total 347136K, used 162388K [0x0000000080000000, 0x0000000095300000, 0x00000000d5580000)
  object space 347136K, 46% used [0x0000000080000000,0x0000000089e952d8,0x0000000095300000)
 Metaspace       used 173697K, capacity 183434K, committed 183640K, reserved 1208320K
  class space    used 22256K, capacity 24054K, committed 24192K, reserved 1048576K
}
Event: 4724.998 GC heap before
{Heap before GC invocations=61 (full 6):
 PSYoungGen      total 559616K, used 456844K [0x00000000d5580000, 0x00000000ff280000, 0x0000000100000000)
  eden space 431104K, 100% used [0x00000000d5580000,0x00000000efa80000,0x00000000efa80000)
  from space 128512K, 20% used [0x00000000f7500000,0x00000000f8e231d0,0x00000000ff280000)
  to   space 125440K, 0% used [0x00000000efa80000,0x00000000efa80000,0x00000000f7500000)
 ParOldGen       total 347136K, used 162388K [0x0000000080000000, 0x0000000095300000, 0x00000000d5580000)
  object space 347136K, 46% used [0x0000000080000000,0x0000000089e952d8,0x0000000095300000)
 Metaspace       used 191482K, capacity 201880K, committed 202072K, reserved 1224704K
  class space    used 24754K, capacity 26687K, committed 26752K, reserved 1048576K
Event: 4725.754 GC heap after
Heap after GC invocations=61 (full 6):
 PSYoungGen      total 556544K, used 46668K [0x00000000d5580000, 0x00000000fef00000, 0x0000000100000000)
  eden space 431104K, 0% used [0x00000000d5580000,0x00000000d5580000,0x00000000efa80000)
  from space 125440K, 37% used [0x00000000efa80000,0x00000000f28132d0,0x00000000f7500000)
  to   space 118272K, 0% used [0x00000000f7b80000,0x00000000f7b80000,0x00000000fef00000)
 ParOldGen       total 347136K, used 162396K [0x0000000080000000, 0x0000000095300000, 0x00000000d5580000)
  object space 347136K, 46% used [0x0000000080000000,0x0000000089e972d8,0x0000000095300000)
 Metaspace       used 191482K, capacity 201880K, committed 202072K, reserved 1224704K
  class space    used 24754K, capacity 26687K, committed 26752K, reserved 1048576K
}

